0 info it worked if it ends with ok
1 verbose cli [ '/usr/bin/nodejs',
1 verbose cli   '/usr/bin/npm',
1 verbose cli   'install',
1 verbose cli   'react-data-grid',
1 verbose cli   '--save' ]
2 info using npm@1.3.10
3 info using node@v0.10.25
4 verbose cache add [ 'react-data-grid', null ]
5 verbose cache add name=undefined spec="react-data-grid" args=["react-data-grid",null]
6 verbose parsed url { protocol: null,
6 verbose parsed url   slashes: null,
6 verbose parsed url   auth: null,
6 verbose parsed url   host: null,
6 verbose parsed url   port: null,
6 verbose parsed url   hostname: null,
6 verbose parsed url   hash: null,
6 verbose parsed url   search: null,
6 verbose parsed url   query: null,
6 verbose parsed url   pathname: 'react-data-grid',
6 verbose parsed url   path: 'react-data-grid',
6 verbose parsed url   href: 'react-data-grid' }
7 silly lockFile aebb3040-react-data-grid react-data-grid
8 verbose lock react-data-grid /home/ahextech/.npm/aebb3040-react-data-grid.lock
9 silly lockFile aebb3040-react-data-grid react-data-grid
10 silly lockFile aebb3040-react-data-grid react-data-grid
11 verbose addNamed [ 'react-data-grid', '' ]
12 verbose addNamed [ null, '*' ]
13 silly lockFile 3a8f1945-react-data-grid react-data-grid@
14 verbose lock react-data-grid@ /home/ahextech/.npm/3a8f1945-react-data-grid.lock
15 silly addNameRange { name: 'react-data-grid', range: '*', hasData: false }
16 verbose url raw react-data-grid
17 verbose url resolving [ 'https://registry.npmjs.org/', './react-data-grid' ]
18 verbose url resolved https://registry.npmjs.org/react-data-grid
19 info trying registry request attempt 1 at 18:16:26
20 verbose etag "7D1LR6G4VPPSL788MJD6BSGXV"
21 http GET https://registry.npmjs.org/react-data-grid
22 http 304 https://registry.npmjs.org/react-data-grid
23 silly registry.get cb [ 304,
23 silly registry.get   { date: 'Thu, 09 Jun 2016 12:46:27 GMT',
23 silly registry.get     via: '1.1 varnish',
23 silly registry.get     'cache-control': 'max-age=300',
23 silly registry.get     etag: '"7D1LR6G4VPPSL788MJD6BSGXV"',
23 silly registry.get     age: '44',
23 silly registry.get     connection: 'keep-alive',
23 silly registry.get     'x-served-by': 'cache-lcy1133-LCY',
23 silly registry.get     'x-cache': 'HIT',
23 silly registry.get     'x-cache-hits': '1',
23 silly registry.get     'x-timer': 'S1465476387.302662,VS0,VE0',
23 silly registry.get     vary: 'Accept-Encoding' } ]
24 verbose etag react-data-grid from cache
25 silly addNameRange number 2 { name: 'react-data-grid', range: '*', hasData: true }
26 silly addNameRange versions [ 'react-data-grid',
26 silly addNameRange   [ '0.12.0',
26 silly addNameRange     '0.12.1',
26 silly addNameRange     '0.12.2',
26 silly addNameRange     '0.12.4',
26 silly addNameRange     '0.12.5',
26 silly addNameRange     '0.12.6',
26 silly addNameRange     '0.12.7',
26 silly addNameRange     '0.12.8',
26 silly addNameRange     '0.12.9',
26 silly addNameRange     '0.12.10',
26 silly addNameRange     '0.12.11',
26 silly addNameRange     '0.12.12',
26 silly addNameRange     '0.12.13',
26 silly addNameRange     '0.12.14',
26 silly addNameRange     '0.12.15-alpha1',
26 silly addNameRange     '0.12.15-alpha2',
26 silly addNameRange     '0.12.15',
26 silly addNameRange     '0.12.16',
26 silly addNameRange     '0.12.17',
26 silly addNameRange     '0.12.18',
26 silly addNameRange     '0.12.19',
26 silly addNameRange     '0.12.20-alpha1',
26 silly addNameRange     '0.12.20',
26 silly addNameRange     '0.13.0-alpha1',
26 silly addNameRange     '0.13.0-alpha2',
26 silly addNameRange     '0.12.20-cm-ci-improvements617',
26 silly addNameRange     '0.12.20-cm-ci-improvements629',
26 silly addNameRange     '0.12.20-cm-ci-improvements633',
26 silly addNameRange     '0.12.20-cm-ci-improvements635',
26 silly addNameRange     '0.12.20-cm-ci-improvements640',
26 silly addNameRange     '0.12.21',
26 silly addNameRange     '0.12.22',
26 silly addNameRange     '0.12.22-cm-ci-improvements646',
26 silly addNameRange     '0.12.23',
26 silly addNameRange     '0.12.23-cm-react013-upgrade649',
26 silly addNameRange     '0.12.23-cm-react-router-upgrade653',
26 silly addNameRange     '0.12.24',
26 silly addNameRange     '0.12.24-flow-osx660',
26 silly addNameRange     '0.12.24-cm-react013-upgrade662',
26 silly addNameRange     '0.13.1',
26 silly addNameRange     '0.13.1-flow-osx673',
26 silly addNameRange     '0.13.1-cm-remove-debugger-statements675',
26 silly addNameRange     '0.13.1-cm-prevent-publish-default679',
26 silly addNameRange     '0.13.2',
26 silly addNameRange     '0.13.3',
26 silly addNameRange     '0.13.3-cm-ignore-npmrc-token683',
26 silly addNameRange     '0.13.3-cm-ignore-npmrc-token685',
26 silly addNameRange     '0.13.4',
26 silly addNameRange     '0.13.3-update-deps2692',
26 silly addNameRange     '0.13.5',
26 silly addNameRange     '0.13.6',
26 silly addNameRange     '0.13.7',
26 silly addNameRange     '0.13.8',
26 silly addNameRange     '0.13.8-cm-fix-double-commit-event706',
26 silly addNameRange     '0.13.9',
26 silly addNameRange     '0.13.9-fix-docs711',
26 silly addNameRange     '0.13.10',
26 silly addNameRange     '0.13.11',
26 silly addNameRange     '0.13.11-flow-osx717',
26 silly addNameRange     '0.13.12',
26 silly addNameRange     '0.13.12-flow-osx724',
26 silly addNameRange     '0.13.12-flow-osx725',
26 silly addNameRange     '0.13.12-flow-osx727',
26 silly addNameRange     '0.13.13',
26 silly addNameRange     '0.13.14',
26 silly addNameRange     '0.13.15',
26 silly addNameRange     '0.13.16',
26 silly addNameRange     '0.13.17',
26 silly addNameRange     '0.13.18',
26 silly addNameRange     '0.13.18-cm-split-tests765',
26 silly addNameRange     '0.13.18-cm-split-tests766',
26 silly addNameRange     '0.13.19',
26 silly addNameRange     '0.13.18-cm-col-offset-fix778',
26 silly addNameRange     '0.13.20',
26 silly addNameRange     '0.13.20-cm-all-feature-examples781',
26 silly addNameRange     '0.13.21',
26 silly addNameRange     '0.13.21-cm-row-select786',
26 silly addNameRange     '0.13.21-cm-row-select787',
26 silly addNameRange     '0.13.21-headercell-draggable-style792',
26 silly addNameRange     '0.13.21-jp-fix-examples794',
26 silly addNameRange     '0.13.21-headercell-draggable-style796',
26 silly addNameRange     '0.13.22',
26 silly addNameRange     '0.12.26',
26 silly addNameRange     '0.13.22-aq-react-datagrid801',
26 silly addNameRange     '0.13.22-re-render-non-selected-cells-master809',
26 silly addNameRange     '0.12.27',
26 silly addNameRange     '0.13.22-canvas-bug827',
26 silly addNameRange     '0.13.23',
26 silly addNameRange     '0.13.24',
26 silly addNameRange     '0.13.24-cm-auto-edit841',
26 silly addNameRange     '0.13.24-cm-auto-edit842',
26 silly addNameRange     '0.13.24-cm-fixed-cols-right866',
26 silly addNameRange     '0.12.26-tag-0.12.27869',
26 silly addNameRange     '0.13.25',
26 silly addNameRange     '0.12.26-tag-0.12.27876',
26 silly addNameRange     '0.12.26-tag-0.12.27878',
26 silly addNameRange     '0.13.26',
26 silly addNameRange     '0.13.27',
26 silly addNameRange     '0.12.26-tag-0.12.27891',
26 silly addNameRange     '0.12.26-tag-0.12.27897',
26 silly addNameRange     '0.12.26-tag-0.12.27900',
26 silly addNameRange     '0.12.26-tag-0.12.27902',
26 silly addNameRange     '0.12.26-tag-0.12.27904',
26 silly addNameRange     '0.12.26-tag-0.12.27906',
26 silly addNameRange     '0.12.26-tag-0.12.27908',
26 silly addNameRange     '0.12.26-tag-0.12.27920',
26 silly addNameRange     '0.12.26-tag-0.12.27924',
26 silly addNameRange     '0.12.26-tag-0.12.27926',
26 silly addNameRange     '0.12.26-tag-0.12.27928',
26 silly addNameRange     '0.12.26-tag-0.12.27935',
26 silly addNameRange     '0.12.26-tag-0.12.27939',
26 silly addNameRange     '0.12.26-tag-0.12.27941',
26 silly addNameRange     '0.13.28',
26 silly addNameRange     '0.13.29',
26 silly addNameRange     '0.12.26-tag-0.12.27945',
26 silly addNameRange     '0.12.26-tag-0.12.27947',
26 silly addNameRange     '0.13.30',
26 silly addNameRange     '0.12.26-tag-0.12.27952',
26 silly addNameRange     '0.12.26-tag-0.12.27954',
26 silly addNameRange     '0.12.26-tag-0.12.27956',
26 silly addNameRange     '0.12.26-tag-0.12.27958',
26 silly addNameRange     '0.12.26-tag-0.12.27964',
26 silly addNameRange     '0.12.26-tag-0.12.27967',
26 silly addNameRange     '0.12.26-sb-scroll-perf970',
26 silly addNameRange     '0.13.30-dc-add-eslint971',
26 silly addNameRange     '0.12.26-tag-0.12.27973',
26 silly addNameRange     '0.12.26-tag-0.12.27975',
26 silly addNameRange     '0.12.26-tag-0.12.27977',
26 silly addNameRange     '0.13.31',
26 silly addNameRange     '0.12.26-tag-0.12.27981',
26 silly addNameRange     '0.12.26-sb-scroll-perf984',
26 silly addNameRange     '0.12.26-sb-scroll-perf987',
26 silly addNameRange     '0.12.26-tag-0.12.27992',
26 silly addNameRange     '0.12.26-tag-0.12.27995',
26 silly addNameRange     '0.13.32',
26 silly addNameRange     '0.12.26-sb-scroll-perf998',
26 silly addNameRange     '0.12.26-tag-0.12.271000',
26 silly addNameRange     '0.13.33',
26 silly addNameRange     '0.13.33-dc-add-eslint1014',
26 silly addNameRange     '0.13.33-dc-add-eslint1018',
26 silly addNameRange     '0.13.34',
26 silly addNameRange     '0.13.34-jp-fix-examples1037',
26 silly addNameRange     '0.13.34-jp-fix-examples1039',
26 silly addNameRange     '0.13.34-dc-fix-sortable-filterable-grid1041',
26 silly addNameRange     '0.13.34-jp-v141047',
26 silly addNameRange     '0.14.0-jp-v141049',
26 silly addNameRange     '0.14.1',
26 silly addNameRange     '0.14.1-jp-fix-NaN-widths1055',
26 silly addNameRange     '0.14.1-jp-fix-examples-21057',
26 silly addNameRange     '0.14.1-jp-fix-NaN-widths1059',
26 silly addNameRange     '0.14.2',
26 silly addNameRange     '0.12.26-mm-single-check-grid1062',
26 silly addNameRange     '0.14.3',
26 silly addNameRange     '0.14.2-cm-dragdown-all1064',
26 silly addNameRange     '0.14.2-cm-dragdown-all1065',
26 silly addNameRange     '0.14.4',
26 silly addNameRange     '0.12.26-mm-single-check-grid1071',
26 silly addNameRange     '0.12.26-mm-single-check-grid1073',
26 silly addNameRange     '0.14.2-cm-row-select141075',
26 silly addNameRange     '0.14.2-cm-row-select141076',
26 silly addNameRange     '0.14.2-cm-row-select141077',
26 silly addNameRange     '0.14.2-cm-row-select141078',
26 silly addNameRange     '0.14.4-cm-row-select141084',
26 silly addNameRange     '0.14.5',
26 silly addNameRange     '0.14.5-dc-warning-fixes1086',
26 silly addNameRange     '0.14.6',
26 silly addNameRange     '0.14.6-rw-styling-tweaks1089',
26 silly addNameRange     '0.14.4-cm-fix-filter-focus1094',
26 silly addNameRange     '0.14.7',
26 silly addNameRange     '0.14.7-rw-cell-border-styling1096',
26 silly addNameRange     '0.14.7-cm-commit-component-unmount1099',
26 silly addNameRange     '0.14.7-cm-commit-component-unmount1103',
26 silly addNameRange     '0.14.8',
26 silly addNameRange     '0.14.8-dc-fix-sortable-filterable-grid1108',
26 silly addNameRange     '0.14.9',
26 silly addNameRange     '0.14.9-dc-dropdown-editor-data-structure-update1111',
26 silly addNameRange     '0.14.10',
26 silly addNameRange     '0.14.10-dc-handle-grid-rows-updated1114',
26 silly addNameRange     '0.14.11',
26 silly addNameRange     '0.14.11-jp-ac-editor1118',
26 silly addNameRange     '0.14.12',
26 silly addNameRange     '0.14.12-jp-re-render-non-selected-cells1122',
26 silly addNameRange     '0.14.13',
26 silly addNameRange     '0.14.14',
26 silly addNameRange     '0.14.14-jp-missing-select-all1130',
26 silly addNameRange     '0.14.15',
26 silly addNameRange     '0.14.16',
26 silly addNameRange     '0.13.35-tag-0.13.351135',
26 silly addNameRange     '0.13.35-tag-0.13.x1137',
26 silly addNameRange     '0.13.35',
26 silly addNameRange     '0.13.35-tag-0.13.x1138',
26 silly addNameRange     '0.14.16-cm-clear-filters1142',
26 silly addNameRange     '0.14.17',
26 silly addNameRange     '0.14.17-cm-0-grid-wdth1147',
26 silly addNameRange     '0.14.18',
26 silly addNameRange     '0.14.18-ja-viewport-height-fix1150',
26 silly addNameRange     '0.14.18-ja-viewport-height-fix1152',
26 silly addNameRange     '0.14.19',
26 silly addNameRange     '0.14.19-ja-viewport-height-fix1161',
26 silly addNameRange     '0.14.20',
26 silly addNameRange     '0.14.21',
26 silly addNameRange     '0.14.21-dc-autocomplete-editor-onFocus1165',
26 silly addNameRange     '0.14.22',
26 silly addNameRange     '0.14.22-rw-es3-keywords1171',
26 silly addNameRange     '0.14.23',
26 silly addNameRange     '0.14.24',
26 silly addNameRange     '0.14.24-react-grid-column-metrics-props-fix1178',
26 silly addNameRange     '0.14.24-react-grid-column-metrics-props-fix1181',
26 silly addNameRange     '0.14.24-react-grid-column-metrics-props-fix1188',
26 silly addNameRange     '0.14.25',
26 silly addNameRange     '0.14.25-cm-fix-header-cells1192',
26 silly addNameRange     '0.14.24-dm-scroll-filter-cells1198',
26 silly addNameRange     '0.14.25-cm-fix-header-cells1200',
26 silly addNameRange     '0.14.26',
26 silly addNameRange     '0.14.26-dm-bug-row-selected-alpha1208',
26 silly addNameRange     '0.14.26-dm-bug-checkbox-filter-row1209',
26 silly addNameRange     '0.14.27',
26 silly addNameRange     '0.14.27-dm-fix-empty-block-scroll-bug1218',
26 silly addNameRange     '0.14.25-cm-remove-up1223',
26 silly addNameRange     '0.14.28',
26 silly addNameRange     '0.14.27-cm-tree-view1227',
26 silly addNameRange     '0.14.28-ja-toggle-filter-fix1229',
26 silly addNameRange     '0.14.28-ja-toggle-filter-fix1231',
26 silly addNameRange     '0.14.27-wo-context-menu1233',
26 silly addNameRange     '0.14.28-dc-column-events1234',
26 silly addNameRange     '0.14.28-dc-column-events1236',
26 silly addNameRange     '0.14.29',
26 silly addNameRange     '0.14.28-sb-editor-tests1239',
26 silly addNameRange     '0.14.28-dc-column-events1240',
26 silly addNameRange     '0.14.27-wo-context-menu1244',
26 silly addNameRange     '0.14.29-wo-context-menu1249',
26 silly addNameRange     '0.14.29-wo-context-menu1251',
26 silly addNameRange     '0.14.29-wo-context-menu1255',
26 silly addNameRange     '0.14.30',
26 silly addNameRange     '0.14.31',
26 silly addNameRange     '0.14.28-dc-column-events1259',
26 silly addNameRange     '0.14.31-dc-column-events1260',
26 silly addNameRange     '0.14.31-dc-column-events1262',
26 silly addNameRange     '0.14.31-dc-column-events1264',
26 silly addNameRange     '0.14.32',
26 silly addNameRange     '0.14.28-dm-toolbar-display-rows-info1267',
26 silly addNameRange     '0.14.33',
26 silly addNameRange     '0.14.34',
26 silly addNameRange     '0.14.35',
26 silly addNameRange     '0.14.27-cm-tree-view1278',
26 silly addNameRange     '0.14.32-cm-8451279',
26 silly addNameRange     '0.14.35-ja-editable-column-function1281',
26 silly addNameRange     '0.14.27-cm-tree-view1283',
26 silly addNameRange     '0.14.35-ja-editable-column-function1285',
26 silly addNameRange     '0.14.35-ja-editable-column-function1289',
26 silly addNameRange     '0.14.35-dc-drag-double-click-fix1291',
26 silly addNameRange     '0.14.35-dc-drag-double-click-fix1293',
26 silly addNameRange     '0.14.36',
26 silly addNameRange     '0.14.35-ja-editable-column-function1299',
26 silly addNameRange     '0.14.32-cm-8451301',
26 silly addNameRange     '0.14.37',
26 silly addNameRange     '0.14.35-ja-editable-column-function1304',
26 silly addNameRange     '0.14.32-cm-8451306',
26 silly addNameRange     '0.14.37-cm-8451307',
26 silly addNameRange     '0.14.38',
26 silly addNameRange     '0.14.37-cm-8451313',
26 silly addNameRange     '0.14.37-cm-8451315',
26 silly addNameRange     '0.14.38-wo-row-extra-classes1318',
26 silly addNameRange     '0.14.39',
26 silly addNameRange     '0.14.40',
26 silly addNameRange     '0.14.41',
26 silly addNameRange     '0.14.41-tg-CM-7861325',
26 silly addNameRange     '0.14.42',
26 silly addNameRange     '0.14.42-wo-update-cell-class1342',
26 silly addNameRange     '0.14.42-wo-update-cell-class1344',
26 silly addNameRange     '0.14.43' ] ]
27 verbose addNamed [ 'react-data-grid', '0.14.43' ]
28 verbose addNamed [ '0.14.43', '0.14.43' ]
29 silly lockFile af915ef2-react-data-grid-0-14-43 react-data-grid@0.14.43
30 verbose lock react-data-grid@0.14.43 /home/ahextech/.npm/af915ef2-react-data-grid-0-14-43.lock
31 silly lockFile af915ef2-react-data-grid-0-14-43 react-data-grid@0.14.43
32 silly lockFile af915ef2-react-data-grid-0-14-43 react-data-grid@0.14.43
33 silly lockFile 3a8f1945-react-data-grid react-data-grid@
34 silly lockFile 3a8f1945-react-data-grid react-data-grid@
35 silly resolved [ { name: 'react-data-grid',
35 silly resolved     version: '0.14.43',
35 silly resolved     description: 'Data grid for React',
35 silly resolved     main: 'src/index.js',
35 silly resolved     scripts:
35 silly resolved      { test: 'gulp test',
35 silly resolved        prepublish: 'gulp dist --release true',
35 silly resolved        'debug-test': 'gulp test --debug true',
35 silly resolved        examples: 'gulp' },
35 silly resolved     repository:
35 silly resolved      { type: 'git',
35 silly resolved        url: 'git://github.com/adazzle/react-data-grid.git' },
35 silly resolved     keywords: [ 'react', 'grid', 'react-component' ],
35 silly resolved     peerDependencies: { react: '~0.14.6', 'react-dom': '~0.14.6' },
35 silly resolved     dependencies:
35 silly resolved      { classnames: '^1.2.0',
35 silly resolved        'es5-shim': '^4.0.3',
35 silly resolved        fbjs: '^0.6.1',
35 silly resolved        'object-assign': '^2.0.0',
35 silly resolved        'react-contextmenu': '^1.4.0',
35 silly resolved        'ron-react-autocomplete': '^3.0.0' },
35 silly resolved     devDependencies:
35 silly resolved      { avcoveralls: '^1.0.0',
35 silly resolved        'babel-core': '^6.7.4',
35 silly resolved        'babel-eslint': '^4.1.6',
35 silly resolved        'babel-loader': '^6.2.1',
35 silly resolved        'babel-plugin-transform-class-properties': '^6.4.0',
35 silly resolved        'babel-plugin-transform-es3-member-expression-literals': '^6.5.0',
35 silly resolved        'babel-plugin-transform-es3-property-literals': '^6.5.0',
35 silly resolved        'babel-plugin-transform-react-jsx': '^6.4.0',
35 silly resolved        'babel-plugin-typecheck': '^3.6.1',
35 silly resolved        'babel-preset-es2015': '^6.3.13',
35 silly resolved        'babel-preset-react': '^6.3.13',
35 silly resolved        bootstrap: '^3.2.0',
35 silly resolved        'browser-sync': '^2.9.0',
35 silly resolved        del: '^1.2.1',
35 silly resolved        eslint: '^1.10.3',
35 silly resolved        'eslint-loader': '^1.2.0',
35 silly resolved        'eslint-plugin-react': '^3.15.0',
35 silly resolved        faker: '^3.0.1',
35 silly resolved        'gh-pages': '^0.2.0',
35 silly resolved        gulp: '^3.8.7',
35 silly resolved        'gulp-changed': '^0.4.1',
35 silly resolved        'gulp-concat': '^2.3.4',
35 silly resolved        'gulp-eslint': '^1.1.1',
35 silly resolved        'gulp-flatten': '0.0.2',
35 silly resolved        'gulp-jasmine': '^0.3.0',
35 silly resolved        'gulp-jshint': '^1.9.2',
35 silly resolved        'gulp-less': '^1.3.3',
35 silly resolved        'gulp-notify': '^1.4.1',
35 silly resolved        'gulp-open': '^0.2.8',
35 silly resolved        'gulp-react': '^2.0.0',
35 silly resolved        'gulp-rename': '^1.2.0',
35 silly resolved        'gulp-uglify': '^1.0.2',
35 silly resolved        'gulp-util': '^3.0.0',
35 silly resolved        immutable: '^3.7.3',
35 silly resolved        'istanbul-instrumenter-loader': '^0.1.2',
35 silly resolved        'jasmine-core': '^2.2.0',
35 silly resolved        jquery: '^2.1.1',
35 silly resolved        karma: '^0.13.10',
35 silly resolved        'karma-chrome-launcher': '^0.1.4',
35 silly resolved        'karma-coverage': '^0.2.6',
35 silly resolved        'karma-firefox-launcher': '^0.1.3',
35 silly resolved        'karma-ie-launcher': '^0.1.5',
35 silly resolved        'karma-jasmine': '^0.1.5',
35 silly resolved        'karma-jasmine-matchers': '^0.1.3',
35 silly resolved        'karma-junit-reporter': '^0.2.2',
35 silly resolved        'karma-phantomjs-launcher': '^0.1.4',
35 silly resolved        'karma-phantomjs-launcher-nonet': '^0.1.3',
35 silly resolved        'karma-webpack': '^1.7.0',
35 silly resolved        'merge-stream': '^0.1.5',
35 silly resolved        minimist: '^1.1.0',
35 silly resolved        moment: '^2.10.6',
35 silly resolved        'pretty-hrtime': '^0.2.1',
35 silly resolved        react: '~0.14.6',
35 silly resolved        'react-addons-test-utils': '^0.14.6',
35 silly resolved        'react-dom': '~0.14.6',
35 silly resolved        'react-router': '^0.13.3',
35 silly resolved        rewire: '^2.1.3',
35 silly resolved        'rewire-webpack': '^1.0.0',
35 silly resolved        semver: '^5.0.3',
35 silly resolved        'vinyl-source-stream': '^0.1.1',
35 silly resolved        webpack: '^1.12.10' },
35 silly resolved     author: { name: 'adazzle' },
35 silly resolved     license: 'MIT',
35 silly resolved     bugs: { url: 'https://github.com/adazzle/react-data-grid/issues' },
35 silly resolved     homepage: 'https://github.com/adazzle/react-data-grid',
35 silly resolved     readme: '# React Data Grid \n[![Build status](https://ci.appveyor.com/api/projects/status/smciktvlkvp6r8w7/branch/master?svg=true)](https://ci.appveyor.com/project/adazzle/react-data-grid/branch/master)[![Coverage Status](https://coveralls.io/repos/adazzle/react-data-grid/badge.svg?branch=master)](https://coveralls.io/r/adazzle/react-data-grid?branch=master) [![npm version](https://badge.fury.io/js/react-data-grid.svg)](http://badge.fury.io/js/react-data-grid) \n![npm dependencies](https://david-dm.org/adazzle/react-data-grid.svg)\n[![React Data Grid chat](https://react-data-grid.herokuapp.com/badge.svg)](https://react-data-grid.herokuapp.com/)\n\nExcel-like grid component built with React, with editors, keyboard navigation, copy &amp; paste, and the like http://adazzle.github.io/react-data-grid/  \n![react-data-grid](https://cloud.githubusercontent.com/assets/1432798/7348812/78063bd6-ecec-11e4-89d5-ffd327721cd7.PNG)\n\n\nInstallation\n------------\n\n```sh\nnpm install react-data-grid\n```\n\nThis library is written with CommonJS modules. If you are using\nbrowserify, webpack, or similar, you can consume it like anything else\ninstalled from npm.\n\nOverview \n--------\n\nReactDataGrid is an advanced JavaScript spreadsheet component built using React\n\nFeatures\n--------\n\n- Lightning fast virtual rendering\n- [Can render hundreds of thousands of rows with no lag](http://adazzle.github.io/react-data-grid/examples.html#/million-rows)\n- Keyboard navigation\n- [Fully editable grid](http://adazzle.github.io/react-data-grid/examples.html#/editable)\n- [Rich cell editors like autocomplete, checkbox and dropdown editors, complete with keyboard navigation](http://adazzle.github.io/react-data-grid/examples.html#/editors)\n- Custom cell Editors - Easily create your own\n- [Custom cell Formatters](http://adazzle.github.io/react-data-grid/examples.html#/formatters)\n- [Frozen columns](http://adazzle.github.io/react-data-grid/examples.html#/fixed)\n- [Resizable columns](http://adazzle.github.io/react-data-grid/examples.html#/resizable)\n- [Sorting](http://adazzle.github.io/react-data-grid/examples.html#/sortable) \n- [Filtering] (http://adazzle.github.io/react-data-grid/examples.html#/filterable) \n- [Context Menu] (http://adazzle.github.io/react-data-grid/examples.html#/context-menu)\n- Copy and Paste values into other cells\n- [Multiple cell updates using cell dragdown] (http://adazzle.github.io/react-data-grid/examples.html#/cell-drag-down)\n- [Association of events of individual columns] (http://adazzle.github.io/react-data-grid/examples.html#/column-events)\n\n\nCheck out the `examples` directory to see how simple previously complex UI\nand workflows are to create.\n\nContributing\n------------\n\nPlease see [CONTRIBUTING](CONTRIBUTING.md)\n\nCredits \n------------\nThis project has been built upon the great work done by [Prometheus Research](https://github.com/prometheusresearch). For the original project, please click [here]( https://github.com/prometheusresearch/react-grid). It is released under [MIT](https://github.com/adazzle/react-data-grid/blob/master/LICENSE)\n',
35 silly resolved     readmeFilename: 'README.md',
35 silly resolved     _id: 'react-data-grid@0.14.43',
35 silly resolved     _from: 'react-data-grid@' } ]
36 info install react-data-grid@0.14.43 into /var/www/html/React
37 info installOne react-data-grid@0.14.43
38 info /var/www/html/React/node_modules/react-data-grid unbuild
39 info /var/www/html/React/node_modules/react-data-grid unbuild
40 error error rolling back Error: EACCES, unlink '/var/www/html/React/node_modules/react-data-grid/node_modules/fbjs/node_modules/.bin/loose-envify'
40 error error rolling back  react-data-grid@0.14.43 { [Error: EACCES, unlink '/var/www/html/React/node_modules/react-data-grid/node_modules/fbjs/node_modules/.bin/loose-envify']
40 error error rolling back   errno: 3,
40 error error rolling back   code: 'EACCES',
40 error error rolling back   path: '/var/www/html/React/node_modules/react-data-grid/node_modules/fbjs/node_modules/.bin/loose-envify' }
41 error Error: EACCES, unlink '/var/www/html/React/node_modules/react-data-grid/node_modules/fbjs/node_modules/.bin/loose-envify'
41 error  { [Error: EACCES, unlink '/var/www/html/React/node_modules/react-data-grid/node_modules/fbjs/node_modules/.bin/loose-envify']
41 error   errno: 3,
41 error   code: 'EACCES',
41 error   path: '/var/www/html/React/node_modules/react-data-grid/node_modules/fbjs/node_modules/.bin/loose-envify' }
42 error Please try running this command again as root/Administrator.
43 error System Linux 3.19.0-26-generic
44 error command "/usr/bin/nodejs" "/usr/bin/npm" "install" "react-data-grid" "--save"
45 error cwd /var/www/html/React
46 error node -v v0.10.25
47 error npm -v 1.3.10
48 error path /var/www/html/React/node_modules/react-data-grid/node_modules/fbjs/node_modules/.bin/loose-envify
49 error code EACCES
50 error errno 3
51 error stack Error: EACCES, unlink '/var/www/html/React/node_modules/react-data-grid/node_modules/fbjs/node_modules/.bin/loose-envify'
52 verbose exit [ 3, true ]
